<?xml version="1.0" encoding="UTF-8"?>
<testng-results skipped="0" failed="0" ignored="0" total="3" passed="3">
  <reporter-output>
  </reporter-output>
  <suite name="Default Suite" duration-ms="51" started-at="2024-03-12T11:57:08 BDT" finished-at="2024-03-12T11:57:08 BDT">
    <groups>
    </groups>
    <test name="TestNGDemo_Maven" duration-ms="51" started-at="2024-03-12T11:57:08 BDT" finished-at="2024-03-12T11:57:08 BDT">
      <class name="TestCases">
        <test-method status="PASS" signature="Test1()[pri:0, instance:TestCases@2ef5e5e3]" name="Test1" duration-ms="5" started-at="2024-03-12T11:57:08 BDT" finished-at="2024-03-12T11:57:08 BDT">
          <reporter-output>
          </reporter-output>
        </test-method> <!-- Test1 -->
        <test-method status="PASS" signature="Test2()[pri:0, instance:TestCases@2ef5e5e3]" name="Test2" duration-ms="0" started-at="2024-03-12T11:57:08 BDT" finished-at="2024-03-12T11:57:08 BDT">
          <reporter-output>
          </reporter-output>
        </test-method> <!-- Test2 -->
        <test-method status="PASS" signature="Test3()[pri:0, instance:TestCases@2ef5e5e3]" name="Test3" duration-ms="0" started-at="2024-03-12T11:57:08 BDT" finished-at="2024-03-12T11:57:08 BDT">
          <reporter-output>
          </reporter-output>
        </test-method> <!-- Test3 -->
      </class> <!-- TestCases -->
    </test> <!-- TestNGDemo_Maven -->
  </suite> <!-- Default Suite -->
</testng-results>
